[2025-11-25T08:09:54.279Z] [INFO] 文件转换服务启动
[2025-11-25T08:09:54.917Z] [INFO] LibreOffice 版本:
[2025-11-25T08:09:54.935Z] [INFO] 文件转换服务运行在 http://0.0.0.0:3001
[2025-11-25T08:09:54.936Z] [INFO] 健康检查: http://localhost:3001/health
[2025-11-25T08:09:54.937Z] [INFO] 服务信息: http://localhost:3001/api/info
[2025-11-25T08:09:54.938Z] [INFO] 日志查看: http://localhost:3001/log
[2025-11-25T08:10:21.573Z] [INFO] 正在读取日志文件: D:\Development\Node\file-converter\file-converter.log
[2025-11-25T08:16:56.968Z] [INFO] 正在读取日志文件: D:\Development\Node\file-converter\file-converter.log
[2025-11-25T08:16:59.009Z] [INFO] 正在读取日志文件: D:\Development\Node\file-converter\file-converter.log
[2025-11-25T08:17:18.791Z] [INFO] 文件转换服务启动
[2025-11-25T08:17:19.261Z] [INFO] LibreOffice 版本:
[2025-11-25T08:17:19.282Z] [INFO] 文件转换服务运行在 http://0.0.0.0:3001
[2025-11-25T08:17:19.283Z] [INFO] 健康检查: http://localhost:3001/health
[2025-11-25T08:17:19.284Z] [INFO] 服务信息: http://localhost:3001/api/info
[2025-11-25T08:17:19.285Z] [INFO] 日志查看: http://localhost:3001/log
[2025-11-25T08:17:22.895Z] [INFO] 正在读取日志文件: D:\Development\Node\file-converter\file-converter.log
[2025-12-01T08:28:29.903Z] [INFO] 文件转换服务启动
[2025-12-01T08:28:30.479Z] [INFO] LibreOffice 版本:
[2025-12-01T08:28:30.498Z] [INFO] 文件转换服务运行在 http://0.0.0.0:3001
[2025-12-01T08:28:30.499Z] [INFO] 健康检查: http://localhost:3001/health
[2025-12-01T08:28:30.499Z] [INFO] 服务信息: http://localhost:3001/api/info
[2025-12-01T08:28:30.500Z] [INFO] 日志查看: http://localhost:3001/log
[2025-12-01T08:35:39.148Z] [ERROR] 转换过程错误:
[2025-12-01T08:35:45.176Z] [ERROR] 转换过程错误:
[2025-12-01T08:35:59.716Z] [INFO] 正在读取日志文件: D:\Development\Node\file-converter\file-converter.log
[2025-12-01T08:37:12.504Z] [INFO] 文件转换服务启动
[2025-12-01T08:37:13.019Z] [INFO] LibreOffice 版本:
[2025-12-01T08:37:13.037Z] [INFO] 文件转换服务运行在 http://0.0.0.0:3001
[2025-12-01T08:37:13.038Z] [INFO] 健康检查: http://localhost:3001/health
[2025-12-01T08:37:13.038Z] [INFO] 服务信息: http://localhost:3001/api/info
[2025-12-01T08:37:13.039Z] [INFO] 日志查看: http://localhost:3001/log
[2025-12-01T08:37:18.268Z] [ERROR] 转换过程错误:
[2025-12-01T08:37:24.295Z] [ERROR] 转换过程错误:
[2025-12-01T08:39:54.677Z] [INFO] 输出目录可用
[2025-12-01T08:39:54.678Z] [INFO] 开始转换: æ°¸é¼ä¼ä¸çº§æºè½ä½æå¡å¹³å°è¯ä¼°æ¥å.docx
[2025-12-01T08:39:54.679Z] [INFO] 文件大小:
[2025-12-01T08:39:54.681Z] [INFO] 临时文件路径:
[2025-12-01T08:39:54.692Z] [INFO] 使用 soffice 转换:
[2025-12-01T08:39:57.169Z] [INFO] 新生成的文件:
[2025-12-01T08:39:57.170Z] [INFO] 找到转换后的PDF文件:
[2025-12-01T08:39:57.170Z] [INFO] 转换成功: converted\1764578394673-544688154-________________.pdf, 文件大小: 86119 字节
[2025-12-01T08:39:57.173Z] [INFO] 已清理文件:
[2025-12-01T08:39:57.175Z] [INFO] 已清理文件:
[2025-12-01T08:43:56.886Z] [ERROR] 转换过程错误:
[2025-12-01T08:49:30.543Z] [INFO] 文件转换服务启动
[2025-12-01T08:49:31.111Z] [INFO] LibreOffice 版本:
[2025-12-01T08:49:31.131Z] [INFO] 文件转换服务运行在 http://0.0.0.0:3001
[2025-12-01T08:49:31.133Z] [INFO] 健康检查: http://localhost:3001/health
[2025-12-01T08:49:31.135Z] [INFO] 服务信息: http://localhost:3001/api/info
[2025-12-01T08:49:31.136Z] [INFO] 日志查看: http://localhost:3001/log
[2025-12-01T08:49:44.617Z] [INFO] 输出目录可用
[2025-12-01T08:49:44.618Z] [INFO] 开始转换: ç¥è¯åºå¯¹æ¯ç¨¿.pptx
[2025-12-01T08:49:44.619Z] [INFO] 文件大小:
[2025-12-01T08:49:44.621Z] [INFO] 临时文件路径:
[2025-12-01T08:49:44.626Z] [INFO] 使用 soffice 转换:
[2025-12-01T08:49:47.492Z] [INFO] 新生成的文件:
[2025-12-01T08:49:47.493Z] [INFO] 找到转换后的PDF文件:
[2025-12-01T08:49:47.495Z] [INFO] 转换成功: converted\1764578984604-610482219-______.pdf, 文件大小: 99443 字节
[2025-12-01T08:49:47.508Z] [INFO] 已清理文件:
[2025-12-01T08:49:47.511Z] [INFO] 已清理文件:
[2025-12-01T08:49:59.985Z] [INFO] 输出目录可用
[2025-12-01T08:49:59.988Z] [INFO] 开始转换: æ°¸é¼AIä¼ä¸ç¥è¯åºè¯ä¼°æ¥å.pptx
[2025-12-01T08:49:59.990Z] [INFO] 文件大小:
[2025-12-01T08:49:59.992Z] [INFO] 临时文件路径:
[2025-12-01T08:49:59.997Z] [INFO] 使用 soffice 转换:
[2025-12-01T08:50:06.431Z] [INFO] 新生成的文件:
[2025-12-01T08:50:06.432Z] [INFO] 找到转换后的PDF文件:
[2025-12-01T08:50:06.433Z] [INFO] 转换成功: converted\1764578999963-903937077-__AI_________.pdf, 文件大小: 1488323 字节
[2025-12-01T08:50:06.445Z] [INFO] 已清理文件:
[2025-12-01T08:50:06.448Z] [INFO] 已清理文件:
[2025-12-01T09:05:40.892Z] [INFO] 文件转换服务启动
[2025-12-01T09:05:41.449Z] [INFO] LibreOffice 版本:
[2025-12-01T09:05:41.469Z] [INFO] 文件转换服务运行在 http://0.0.0.0:3001
[2025-12-01T09:05:41.470Z] [INFO] 健康检查: http://localhost:3001/health
[2025-12-01T09:05:41.471Z] [INFO] 服务信息: http://localhost:3001/api/info
[2025-12-01T09:05:41.472Z] [INFO] 日志查看: http://localhost:3001/log
[2025-12-01T09:05:50.999Z] [INFO] 输出目录可用
[2025-12-01T09:05:51.002Z] [INFO] 开始转换: ä¼è¿AIç¥è¯åºçé¢.pptx
[2025-12-01T09:05:51.005Z] [INFO] 文件大小: 3951538 字节
[2025-12-01T09:05:51.008Z] [INFO] 临时文件路径: uploads\1764579950955-505861246-__AI_____.pptx
[2025-12-01T09:05:51.014Z] [INFO] 使用 soffice 转换: soffice --headless --convert-to pdf --outdir "D:\Development\Node\file-converter\converted" "D:\Development\Node\file-converter\uploads\1764579950955-505861246-__AI_____.pptx"
[2025-12-01T09:05:56.100Z] [INFO] 新生成的文件: 1764579950955-505861246-__AI_____.pdf
[2025-12-01T09:05:56.101Z] [INFO] 找到转换后的PDF文件: 1764579950955-505861246-__AI_____.pdf
[2025-12-01T09:05:56.103Z] [INFO] 转换成功: converted\1764579950955-505861246-__AI_____.pdf, 文件大小: 1272027 字节
[2025-12-01T09:24:50.485Z] [INFO] 文件转换服务启动
[2025-12-01T09:24:51.175Z] [INFO] LibreOffice 版本:
[2025-12-01T09:24:51.198Z] [INFO] 文件转换服务运行在 http://0.0.0.0:3001
[2025-12-01T09:24:51.199Z] [INFO] 健康检查: http://localhost:3001/health
[2025-12-01T09:24:51.200Z] [INFO] 服务信息: http://localhost:3001/api/info
[2025-12-01T09:24:51.200Z] [INFO] 日志查看: http://localhost:3001/log
[2025-12-01T09:33:48.129Z] [INFO] 输出目录可用
[2025-12-01T09:33:48.130Z] [INFO] 开始转换: å¯¹æ¯æ°æ®.xlsx
[2025-12-01T09:33:48.131Z] [INFO] 文件大小: 18988 字节
[2025-12-01T09:33:48.132Z] [INFO] 临时文件路径: uploads\1764581628121-208783571-____.xlsx
[2025-12-01T09:33:48.139Z] [INFO] 使用 soffice 转换: soffice --headless --convert-to pdf --outdir "D:\Development\Node\file-converter\converted" "D:\Development\Node\file-converter\uploads\1764581628121-208783571-____.xlsx"
[2025-12-01T09:33:50.310Z] [INFO] 新生成的文件: 1764581628121-208783571-____.pdf
[2025-12-01T09:33:50.311Z] [INFO] 找到转换后的PDF文件: 1764581628121-208783571-____.pdf
[2025-12-01T09:33:50.313Z] [INFO] 转换成功: converted\1764581628121-208783571-____.pdf, 文件大小: 175251 字节
[2025-12-01T09:39:13.036Z] [INFO] 输出目录可用
[2025-12-01T09:39:13.037Z] [INFO] 开始转换: æ°¸é¼AIç¥è¯åºæµè¯æ¥å.docx
[2025-12-01T09:39:13.038Z] [INFO] 文件大小: 34074 字节
[2025-12-01T09:39:13.039Z] [INFO] 临时文件路径: uploads\1764581953033-42344267-__AI_______.docx
[2025-12-01T09:39:13.041Z] [INFO] 使用 soffice 转换: soffice --headless --convert-to pdf --outdir "D:\Development\Node\file-converter\converted" "D:\Development\Node\file-converter\uploads\1764581953033-42344267-__AI_______.docx"
[2025-12-01T09:39:15.488Z] [INFO] 新生成的文件: 1764581953033-42344267-__AI_______.pdf
[2025-12-01T09:39:15.490Z] [INFO] 找到转换后的PDF文件: 1764581953033-42344267-__AI_______.pdf
[2025-12-01T09:39:15.491Z] [INFO] 转换成功: converted\1764581953033-42344267-__AI_______.pdf, 文件大小: 429727 字节
[2025-12-01T09:49:07.282Z] [INFO] 输出目录可用
[2025-12-01T09:49:07.283Z] [INFO] 开始转换: ä¼è¿AIç¥è¯åºçé¢.pptx
[2025-12-01T09:49:07.285Z] [INFO] 文件大小: 3951538 字节
[2025-12-01T09:49:07.287Z] [INFO] 临时文件路径: uploads\1764582547251-134766592-__AI_____.pptx
[2025-12-01T09:49:07.290Z] [INFO] 使用 soffice 转换: soffice --headless --convert-to pdf --outdir "D:\Development\Node\file-converter\converted" "D:\Development\Node\file-converter\uploads\1764582547251-134766592-__AI_____.pptx"
[2025-12-01T09:49:12.266Z] [INFO] 新生成的文件: 1764582547251-134766592-__AI_____.pdf
[2025-12-01T09:49:12.267Z] [INFO] 找到转换后的PDF文件: 1764582547251-134766592-__AI_____.pdf
[2025-12-01T09:49:12.269Z] [INFO] 转换成功: converted\1764582547251-134766592-__AI_____.pdf, 文件大小: 1272029 字节
[2025-12-01T09:52:20.545Z] [INFO] 输出目录可用
[2025-12-01T09:52:20.547Z] [INFO] 开始转换: ä¼è¿AIç¥è¯åºçé¢.pptx
[2025-12-01T09:52:20.550Z] [INFO] 文件大小: 3951538 字节
[2025-12-01T09:52:20.552Z] [INFO] 临时文件路径: uploads\1764582740496-806024539-__AI_____.pptx
[2025-12-01T09:52:20.558Z] [INFO] 使用 soffice 转换: soffice --headless --convert-to pdf --outdir "D:\Development\Node\file-converter\converted" "D:\Development\Node\file-converter\uploads\1764582740496-806024539-__AI_____.pptx"
[2025-12-01T09:52:25.324Z] [INFO] 新生成的文件: 1764582740496-806024539-__AI_____.pdf
[2025-12-01T09:52:25.325Z] [INFO] 找到转换后的PDF文件: 1764582740496-806024539-__AI_____.pdf
[2025-12-01T09:52:25.326Z] [INFO] 转换成功: converted\1764582740496-806024539-__AI_____.pdf, 文件大小: 1272029 字节
[2025-12-01T09:54:46.678Z] [INFO] 输出目录可用
[2025-12-01T09:54:46.679Z] [INFO] 开始转换: æ°¸é¼AIç¥è¯åºæµè¯æ¥å.docx
[2025-12-01T09:54:46.681Z] [INFO] 文件大小: 34074 字节
[2025-12-01T09:54:46.682Z] [INFO] 临时文件路径: uploads\1764582886676-606245216-__AI_______.docx
[2025-12-01T09:54:46.684Z] [INFO] 使用 soffice 转换: soffice --headless --convert-to pdf --outdir "D:\Development\Node\file-converter\converted" "D:\Development\Node\file-converter\uploads\1764582886676-606245216-__AI_______.docx"
[2025-12-01T09:54:48.928Z] [INFO] 新生成的文件: 1764582886676-606245216-__AI_______.pdf
[2025-12-01T09:54:48.929Z] [INFO] 找到转换后的PDF文件: 1764582886676-606245216-__AI_______.pdf
[2025-12-01T09:54:48.931Z] [INFO] 转换成功: converted\1764582886676-606245216-__AI_______.pdf, 文件大小: 429727 字节
[2025-12-01T09:55:08.418Z] [INFO] 输出目录可用
[2025-12-01T09:55:08.419Z] [INFO] 开始转换: æ°¸é¼AIä¼ä¸ç¥è¯åºè¯ä¼°æ¥å.pptx
[2025-12-01T09:55:08.420Z] [INFO] 文件大小: 1324701 字节
[2025-12-01T09:55:08.421Z] [INFO] 临时文件路径: uploads\1764582908411-420645981-__AI_________.pptx
[2025-12-01T09:55:08.423Z] [INFO] 使用 soffice 转换: soffice --headless --convert-to pdf --outdir "D:\Development\Node\file-converter\converted" "D:\Development\Node\file-converter\uploads\1764582908411-420645981-__AI_________.pptx"
[2025-12-01T09:55:14.418Z] [INFO] 新生成的文件: 1764582908411-420645981-__AI_________.pdf
[2025-12-01T09:55:14.418Z] [INFO] 找到转换后的PDF文件: 1764582908411-420645981-__AI_________.pdf
[2025-12-01T09:55:14.419Z] [INFO] 转换成功: converted\1764582908411-420645981-__AI_________.pdf, 文件大小: 1488325 字节
[2025-12-02T00:39:39.509Z] [INFO] 输出目录可用
[2025-12-02T00:39:39.511Z] [INFO] 开始转换: æ°¸é¼ä¼ä¸çº§æºè½ä½æå¡å¹³å°è¯ä¼°æ¥å.docx
[2025-12-02T00:39:39.512Z] [INFO] 文件大小: 17334 字节
[2025-12-02T00:39:39.514Z] [INFO] 临时文件路径: uploads\1764635979506-350903113-________________.docx
[2025-12-02T00:39:39.516Z] [INFO] 使用 soffice 转换: soffice --headless --convert-to pdf --outdir "D:\Development\Node\file-converter\converted" "D:\Development\Node\file-converter\uploads\1764635979506-350903113-________________.docx"
[2025-12-02T00:39:42.014Z] [INFO] 新生成的文件: 1764635979506-350903113-________________.pdf
[2025-12-02T00:39:42.015Z] [INFO] 找到转换后的PDF文件: 1764635979506-350903113-________________.pdf
[2025-12-02T00:39:42.015Z] [INFO] 转换成功: converted\1764635979506-350903113-________________.pdf, 文件大小: 86119 字节
